Using pre-set license
Built from '2021.3/staging' branch; Version is '2021.3.25f1 (68ef2c4f8861) revision 6876972'; Using compiler version '192829333'; Build Type 'Release'
OS: 'Windows 10  (10.0.19042) 64bit Professional' Language: 'es' Physical Memory: 22466 MB
BatchMode: 1, IsHumanControllingUs: 0, StartBugReporterOnCrash: 0, Is64bit: 1, IsPro: 1

COMMAND LINE ARGUMENTS:
C:\Program Files\Unity\Hub\Editor\2021.3.25f1\Editor\Unity.exe
-adb2
-batchMode
-noUpm
-name
AssetImportWorker0
-projectPath
C:/Users/User/Downloads/JuegoCompletov7/VersionFinal
-logFile
Logs/AssetImportWorker0.log
-srvPort
52621
Successfully changed project path to: C:/Users/User/Downloads/JuegoCompletov7/VersionFinal
C:/Users/User/Downloads/JuegoCompletov7/VersionFinal
[UnityMemory] Configuration Parameters - Can be set up in boot.config
    "memorysetup-bucket-allocator-granularity=16"
    "memorysetup-bucket-allocator-bucket-count=8"
    "memorysetup-bucket-allocator-block-size=33554432"
    "memorysetup-bucket-allocator-block-count=8"
    "memorysetup-main-allocator-block-size=16777216"
    "memorysetup-thread-allocator-block-size=16777216"
    "memorysetup-gfx-main-allocator-block-size=16777216"
    "memorysetup-gfx-thread-allocator-block-size=16777216"
    "memorysetup-cache-allocator-block-size=4194304"
    "memorysetup-typetree-allocator-block-size=2097152"
    "memorysetup-profiler-bucket-allocator-granularity=16"
    "memorysetup-profiler-bucket-allocator-bucket-count=8"
    "memorysetup-profiler-bucket-allocator-block-size=33554432"
    "memorysetup-profiler-bucket-allocator-block-count=8"
    "memorysetup-profiler-allocator-block-size=16777216"
    "memorysetup-profiler-editor-allocator-block-size=1048576"
    "memorysetup-temp-allocator-size-main=16777216"
    "memorysetup-job-temp-allocator-block-size=2097152"
    "memorysetup-job-temp-allocator-block-size-background=1048576"
    "memorysetup-job-temp-allocator-reduction-small-platforms=262144"
    "memorysetup-temp-allocator-size-background-worker=32768"
    "memorysetup-temp-allocator-size-job-worker=262144"
    "memorysetup-temp-allocator-size-preload-manager=33554432"
    "memorysetup-temp-allocator-size-nav-mesh-worker=65536"
    "memorysetup-temp-allocator-size-audio-worker=65536"
    "memorysetup-temp-allocator-size-cloud-worker=32768"
    "memorysetup-temp-allocator-size-gi-baking-worker=262144"
    "memorysetup-temp-allocator-size-gfx=262144"
Player connection [12068] Host "[IP] 192.168.56.1 [Port] 0 [Flags] 2 [Guid] 2617102199 [EditorId] 2617102199 [Version] 1048832 [Id] WindowsEditor(7,DESKTOP-V377M58) [Debug] 1 [PackageName] WindowsEditor [ProjectName] Editor" joined multi-casting on [225.0.0.222:54997]...

Player connection [12068] Host "[IP] 192.168.56.1 [Port] 0 [Flags] 2 [Guid] 2617102199 [EditorId] 2617102199 [Version] 1048832 [Id] WindowsEditor(7,DESKTOP-V377M58) [Debug] 1 [PackageName] WindowsEditor [ProjectName] Editor" joined alternative multi-casting on [225.0.0.222:34997]...

Refreshing native plugins compatible for Editor in 175.50 ms, found 3 plugins.
Preloading 0 native plugins for Editor in 0.00 ms.
Initialize engine version: 2021.3.25f1 (68ef2c4f8861)
[Subsystems] Discovering subsystems at path C:/Program Files/Unity/Hub/Editor/2021.3.25f1/Editor/Data/Resources/UnitySubsystems
[Subsystems] Discovering subsystems at path C:/Users/User/Downloads/JuegoCompletov7/VersionFinal/Assets
GfxDevice: creating device client; threaded=0; jobified=0
Direct3D:
    Version:  Direct3D 11.0 [level 11.1]
    Renderer: NVIDIA GeForce GTX 1650 (ID=0x1f91)
    Vendor:   NVIDIA
    VRAM:     3964 MB
    Driver:   27.21.14.5167
Initialize mono
Mono path[0] = 'C:/Program Files/Unity/Hub/Editor/2021.3.25f1/Editor/Data/Managed'
Mono path[1] = 'C:/Program Files/Unity/Hub/Editor/2021.3.25f1/Editor/Data/MonoBleedingEdge/lib/mono/unityjit-win32'
Mono config path = 'C:/Program Files/Unity/Hub/Editor/2021.3.25f1/Editor/Data/MonoBleedingEdge/etc'
Using monoOptions --debugger-agent=transport=dt_socket,embedding=1,server=y,suspend=n,address=127.0.0.1:56800
Begin MonoManager ReloadAssembly
Registering precompiled unity dll's ...
Register platform support module: C:/Program Files/Unity/Hub/Editor/2021.3.25f1/Editor/Data/PlaybackEngines/WebGLSupport/UnityEditor.WebGL.Extensions.dll
Register platform support module: C:/Program Files/Unity/Hub/Editor/2021.3.25f1/Editor/Data/PlaybackEngines/AndroidPlayer/UnityEditor.Android.Extensions.dll
Register platform support module: C:/Program Files/Unity/Hub/Editor/2021.3.25f1/Editor/Data/PlaybackEngines/WindowsStandaloneSupport/UnityEditor.WindowsStandalone.Extensions.dll
Registered in 0.016189 seconds.
Native extension for WindowsStandalone target not found
Native extension for Android target not found
Android Extension - Scanning For ADB Devices 651 ms
Native extension for WebGL target not found
Refreshing native plugins compatible for Editor in 174.77 ms, found 3 plugins.
Preloading 0 native plugins for Editor in 0.00 ms.
Mono: successfully reloaded assembly
- Completed reload, in  2.354 seconds
Domain Reload Profiling:
	ReloadAssembly (2356ms)
		BeginReloadAssembly (211ms)
			ExecutionOrderSort (0ms)
			DisableScriptedObjects (0ms)
			BackupInstance (0ms)
			ReleaseScriptingObjects (0ms)
			CreateAndSetChildDomain (2ms)
		EndReloadAssembly (1910ms)
			LoadAssemblies (206ms)
			RebuildTransferFunctionScriptingTraits (0ms)
			SetupTypeCache (230ms)
			ReleaseScriptCaches (0ms)
			RebuildScriptCaches (82ms)
			SetupLoadedEditorAssemblies (1468ms)
				LogAssemblyErrors (0ms)
				InitializePlatformSupportModulesInManaged (873ms)
				SetLoadedEditorAssemblies (0ms)
				RefreshPlugins (175ms)
				BeforeProcessingInitializeOnLoad (4ms)
				ProcessInitializeOnLoadAttributes (275ms)
				ProcessInitializeOnLoadMethodAttributes (141ms)
				AfterProcessingInitializeOnLoad (0ms)
				EditorAssembliesLoaded (0ms)
			ExecutionOrderSort2 (0ms)
			AwakeInstancesAfterBackupRestoration (0ms)
Platform modules already initialized, skipping
Registering precompiled user dll's ...
Registered in 0.018983 seconds.
Begin MonoManager ReloadAssembly
Symbol file LoadedFromMemory doesn't match image C:\Users\User\Downloads\JuegoCompletov7\VersionFinal\Library\PackageCache\com.unity.visualscripting@1.8.0\Editor\VisualScripting.Core\Dependencies\YamlDotNet\Unity.VisualScripting.YamlDotNet.dll
Symbol file LoadedFromMemory doesn't match image C:\Users\User\Downloads\JuegoCompletov7\VersionFinal\Library\PackageCache\com.unity.visualscripting@1.8.0\Editor\VisualScripting.Core\Dependencies\DotNetZip\Unity.VisualScripting.IonicZip.dll
Native extension for WindowsStandalone target not found
Native extension for Android target not found
Native extension for WebGL target not found
Refreshing native plugins compatible for Editor in 1.07 ms, found 3 plugins.
Preloading 0 native plugins for Editor in 0.00 ms.
Mono: successfully reloaded assembly
- Completed reload, in  2.345 seconds
Domain Reload Profiling:
	ReloadAssembly (2348ms)
		BeginReloadAssembly (321ms)
			ExecutionOrderSort (0ms)
			DisableScriptedObjects (21ms)
			BackupInstance (0ms)
			ReleaseScriptingObjects (0ms)
			CreateAndSetChildDomain (50ms)
		EndReloadAssembly (1797ms)
			LoadAssemblies (202ms)
			RebuildTransferFunctionScriptingTraits (0ms)
			SetupTypeCache (638ms)
			ReleaseScriptCaches (1ms)
			RebuildScriptCaches (87ms)
			SetupLoadedEditorAssemblies (799ms)
				LogAssemblyErrors (0ms)
				InitializePlatformSupportModulesInManaged (63ms)
				SetLoadedEditorAssemblies (1ms)
				RefreshPlugins (1ms)
				BeforeProcessingInitializeOnLoad (205ms)
				ProcessInitializeOnLoadAttributes (446ms)
				ProcessInitializeOnLoadMethodAttributes (58ms)
				AfterProcessingInitializeOnLoad (24ms)
				EditorAssembliesLoaded (0ms)
			ExecutionOrderSort2 (0ms)
			AwakeInstancesAfterBackupRestoration (20ms)
Platform modules already initialized, skipping
========================================================================
Worker process is ready to serve import requests
Launched and connected shader compiler UnityShaderCompiler.exe after 0.08 seconds
Refreshing native plugins compatible for Editor in 0.76 ms, found 3 plugins.
Preloading 0 native plugins for Editor in 0.00 ms.
Unloading 3061 Unused Serialized files (Serialized files now loaded: 0)
Unloading 23 unused Assets / (315.8 KB). Loaded Objects now: 3546.
Memory consumption went from 198.6 MB to 198.2 MB.
Total: 4.813400 ms (FindLiveObjects: 0.381900 ms CreateObjectMapping: 0.119200 ms MarkObjects: 4.164700 ms  DeleteObjects: 0.145700 ms)

AssetImportParameters requested are different than current active one (requested -> active):
  custom:video-decoder-ogg-theora: a1e56fd34408186e4bbccfd4996cb3dc -> 
  custom:container-muxer-webm: aa71ff27fc2769a1b78a27578f13a17b -> 
  custom:container-demuxer-webm: 4f35f7cbe854078d1ac9338744f61a02 -> 
  custom:video-encoder-webm-vp8: eb34c28f22e8b96e1ab97ce403110664 -> 
  custom:audio-encoder-webm-vorbis: bf7c407c2cedff20999df2af8eb42d56 -> 
  custom:framework-win-MediaFoundation: 216162199b28c13a410421893ffa2e32 -> 
  custom:container-demuxer-ogg: 62fdf1f143b41e24485cea50d1cbac27 -> 
  custom:video-decoder-webm-vp8: 9c59270c3fd7afecdb556c50c9e8de78 -> 
  custom:audio-decoder-ogg-vorbis: bf7c407c2cedff20999df2af8eb42d56 -> 
========================================================================
Received Import Request.
  Time since last request: 11506.213627 seconds.
  path: Assets/Textures/Version3Tablero_Mesa de trabajo 1.png
  artifactKey: Guid(4b306c8fa4e982f4da0aefdfbe266600) Importer(815301076,1909f56bfc062723c751e8b465ee728b)
Start importing Assets/Textures/Version3Tablero_Mesa de trabajo 1.png using Guid(4b306c8fa4e982f4da0aefdfbe266600) Importer(815301076,1909f56bfc062723c751e8b465ee728b)  -> (artifact id: '78d391e32f1f671420a92e2db49953c9') in 0.329658 seconds 
========================================================================
Received Import Request.
  Time since last request: 0.000059 seconds.
  path: Assets/Textures/TrenesMenu_Mesa de trabajo 1.png
  artifactKey: Guid(164845544eea92f48a1563c74695eb23) Importer(815301076,1909f56bfc062723c751e8b465ee728b)
Start importing Assets/Textures/TrenesMenu_Mesa de trabajo 1.png using Guid(164845544eea92f48a1563c74695eb23) Importer(815301076,1909f56bfc062723c751e8b465ee728b)  -> (artifact id: '83bdfa36917513dd8d50b881c75d5fce') in 0.104220 seconds 
========================================================================
Received Import Request.
  Time since last request: 0.000076 seconds.
  path: Assets/Textures/card1.png
  artifactKey: Guid(b52c2fb13017cfb4b8c5f5553a2b57a2) Importer(815301076,1909f56bfc062723c751e8b465ee728b)
Start importing Assets/Textures/card1.png using Guid(b52c2fb13017cfb4b8c5f5553a2b57a2) Importer(815301076,1909f56bfc062723c751e8b465ee728b)  -> (artifact id: '33800625ac4af811e0955af8a4bdf75c') in 0.056003 seconds 
========================================================================
Received Import Request.
  Time since last request: 0.000059 seconds.
  path: Assets/Textures/card3_Mesa de trabajo 1.png
  artifactKey: Guid(af14138cc9c066b4a9487ef7d60d2df1) Importer(815301076,1909f56bfc062723c751e8b465ee728b)
Start importing Assets/Textures/card3_Mesa de trabajo 1.png using Guid(af14138cc9c066b4a9487ef7d60d2df1) Importer(815301076,1909f56bfc062723c751e8b465ee728b)  -> (artifact id: '877587b071fa9bae726986c42e9a52a5') in 0.054842 seconds 
========================================================================
Received Import Request.
  Time since last request: 0.000056 seconds.
  path: Assets/Textures/Boton2_Mesa de trabajo 1.png
  artifactKey: Guid(f0195d5473e927b45b8f9f505707f029) Importer(815301076,1909f56bfc062723c751e8b465ee728b)
Start importing Assets/Textures/Boton2_Mesa de trabajo 1.png using Guid(f0195d5473e927b45b8f9f505707f029) Importer(815301076,1909f56bfc062723c751e8b465ee728b)  -> (artifact id: 'c383cd705413ed43dc2423f334eed1e3') in 0.078877 seconds 
========================================================================
Received Import Request.
  Time since last request: 0.000066 seconds.
  path: Assets/Textures/TablaTiempo_Mesa de trabajo 1.png
  artifactKey: Guid(2b65e6da7a4ce3344acf22c57bf9c967) Importer(815301076,1909f56bfc062723c751e8b465ee728b)
Start importing Assets/Textures/TablaTiempo_Mesa de trabajo 1.png using Guid(2b65e6da7a4ce3344acf22c57bf9c967) Importer(815301076,1909f56bfc062723c751e8b465ee728b)  -> (artifact id: '6716fd47a06ca550d85a53d757ec2a3d') in 0.127236 seconds 
========================================================================
Received Import Request.
  Time since last request: 0.000060 seconds.
  path: Assets/Textures/card4.jpg
  artifactKey: Guid(f4372cb54cb8dc04fbabef824c1d8f92) Importer(815301076,1909f56bfc062723c751e8b465ee728b)
Start importing Assets/Textures/card4.jpg using Guid(f4372cb54cb8dc04fbabef824c1d8f92) Importer(815301076,1909f56bfc062723c751e8b465ee728b)  -> (artifact id: '5c3a13c204144a944afa94cc62e5d57f') in 0.052859 seconds 
========================================================================
Received Import Request.
  Time since last request: 0.000041 seconds.
  path: Assets/Textures/card4_Mesa de trabajo 1.png
  artifactKey: Guid(08593f720fea42c4ea584a1a5425dce5) Importer(815301076,1909f56bfc062723c751e8b465ee728b)
Start importing Assets/Textures/card4_Mesa de trabajo 1.png using Guid(08593f720fea42c4ea584a1a5425dce5) Importer(815301076,1909f56bfc062723c751e8b465ee728b)  -> (artifact id: 'f40654787bff75979f469a042b2a933b') in 0.042871 seconds 
========================================================================
Received Import Request.
  Time since last request: 0.000031 seconds.
  path: Assets/Textures/Boton1_Mesa de trabajo 1.png
  artifactKey: Guid(6407366437d04084e822b8cbefd98a18) Importer(815301076,1909f56bfc062723c751e8b465ee728b)
Start importing Assets/Textures/Boton1_Mesa de trabajo 1.png using Guid(6407366437d04084e822b8cbefd98a18) Importer(815301076,1909f56bfc062723c751e8b465ee728b)  -> (artifact id: 'fcc72c7c1a44c465d8075d245d806311') in 0.041051 seconds 
========================================================================
Received Import Request.
  Time since last request: 0.000045 seconds.
  path: Assets/Textures/Boton5_Mesa de trabajo 1.png
  artifactKey: Guid(1f747f053da98924695fc9d725d4d695) Importer(815301076,1909f56bfc062723c751e8b465ee728b)
Start importing Assets/Textures/Boton5_Mesa de trabajo 1.png using Guid(1f747f053da98924695fc9d725d4d695) Importer(815301076,1909f56bfc062723c751e8b465ee728b)  -> (artifact id: 'db2cbee3d28026fb3838a549bd729aa6') in 0.042005 seconds 
========================================================================
Received Import Request.
  Time since last request: 0.000034 seconds.
  path: Assets/Textures/Start_Mesa de trabajo 1.png
  artifactKey: Guid(b8591daf0ef267d46b313c45e9e3136b) Importer(815301076,1909f56bfc062723c751e8b465ee728b)
Start importing Assets/Textures/Start_Mesa de trabajo 1.png using Guid(b8591daf0ef267d46b313c45e9e3136b) Importer(815301076,1909f56bfc062723c751e8b465ee728b)  -> (artifact id: '7ec4a3812ab473163fd1e5ed156ae221') in 0.043285 seconds 
========================================================================
Received Import Request.
  Time since last request: 0.000044 seconds.
  path: Assets/Textures/TableroSimple_Mesa de trabajo 1.png
  artifactKey: Guid(ca64ff7e52ee8ce40b90212ffd6f9f56) Importer(815301076,1909f56bfc062723c751e8b465ee728b)
Start importing Assets/Textures/TableroSimple_Mesa de trabajo 1.png using Guid(ca64ff7e52ee8ce40b90212ffd6f9f56) Importer(815301076,1909f56bfc062723c751e8b465ee728b)  -> (artifact id: '430ed4897d0bf62c9b3758266b5a6ac5') in 0.087547 seconds 
========================================================================
Received Import Request.
  Time since last request: 0.000031 seconds.
  path: Assets/Music/InsideOut.mp3
  artifactKey: Guid(abefd67be0ebe414cb6366a632361022) Importer(815301076,1909f56bfc062723c751e8b465ee728b)
Start importing Assets/Music/InsideOut.mp3 using Guid(abefd67be0ebe414cb6366a632361022) Importer(815301076,1909f56bfc062723c751e8b465ee728b)  -> (artifact id: '3841e2df849cef7e9893ff0decf15200') in 0.111881 seconds 
========================================================================
Received Import Request.
  Time since last request: 0.000051 seconds.
  path: Assets/Textures/card2_Mesa de trabajo 1.png
  artifactKey: Guid(ecb4cf49b38fbf442852ffb3aee05c1c) Importer(815301076,1909f56bfc062723c751e8b465ee728b)
Start importing Assets/Textures/card2_Mesa de trabajo 1.png using Guid(ecb4cf49b38fbf442852ffb3aee05c1c) Importer(815301076,1909f56bfc062723c751e8b465ee728b)  -> (artifact id: '662d95abc38ed1e3483da426c4f99881') in 0.053907 seconds 
========================================================================
Received Import Request.
  Time since last request: 0.000069 seconds.
  path: Assets/Textures/MenuPV4_Mesa de trabajo 1.png
  artifactKey: Guid(e3755e6924628824caca77ae5b0b2593) Importer(815301076,1909f56bfc062723c751e8b465ee728b)
Start importing Assets/Textures/MenuPV4_Mesa de trabajo 1.png using Guid(e3755e6924628824caca77ae5b0b2593) Importer(815301076,1909f56bfc062723c751e8b465ee728b)  -> (artifact id: '8b9c7975eca2150f95b1faff31b996f4') in 0.125510 seconds 
========================================================================
Received Import Request.
  Time since last request: 0.000032 seconds.
  path: Assets/Textures/TablaTarjetas_Mesa de trabajo 1.png
  artifactKey: Guid(2c2b3a0e7db2fc247a4f08fe7d5839d6) Importer(815301076,1909f56bfc062723c751e8b465ee728b)
Start importing Assets/Textures/TablaTarjetas_Mesa de trabajo 1.png using Guid(2c2b3a0e7db2fc247a4f08fe7d5839d6) Importer(815301076,1909f56bfc062723c751e8b465ee728b)  -> (artifact id: 'c99e6e4338bd17cfcc03c38623624694') in 0.105344 seconds 
========================================================================
Received Import Request.
  Time since last request: 0.000050 seconds.
  path: Assets/Textures/card3.jpg
  artifactKey: Guid(cffe843a4ff059941987bdddddee4f0c) Importer(815301076,1909f56bfc062723c751e8b465ee728b)
Start importing Assets/Textures/card3.jpg using Guid(cffe843a4ff059941987bdddddee4f0c) Importer(815301076,1909f56bfc062723c751e8b465ee728b)  -> (artifact id: 'ed4997b46577027bd8d43a1b9fa568cc') in 0.041249 seconds 
========================================================================
Received Import Request.
  Time since last request: 0.000063 seconds.
  path: Assets/Textures/cardDown.jpg
  artifactKey: Guid(d4444774d654ea9418f3fed22c12dbb6) Importer(815301076,1909f56bfc062723c751e8b465ee728b)
Start importing Assets/Textures/cardDown.jpg using Guid(d4444774d654ea9418f3fed22c12dbb6) Importer(815301076,1909f56bfc062723c751e8b465ee728b)  -> (artifact id: '624f448464dd6b3cf6cad9c826969166') in 0.039250 seconds 
========================================================================
Received Import Request.
  Time since last request: 0.000037 seconds.
  path: Assets/Textures/cardDown.psd
  artifactKey: Guid(457c08b3b6b5bf54f9fab3b3537491ff) Importer(815301076,1909f56bfc062723c751e8b465ee728b)
Start importing Assets/Textures/cardDown.psd using Guid(457c08b3b6b5bf54f9fab3b3537491ff) Importer(815301076,1909f56bfc062723c751e8b465ee728b)  -> (artifact id: 'baa6b161c4f3a8d5c76c4e2fe9ec18e4') in 0.033146 seconds 
========================================================================
Received Import Request.
  Time since last request: 0.000031 seconds.
  path: Assets/Textures/backgroundImg.jpg
  artifactKey: Guid(dd17807a82cadf6438bc5da5d30cbae3) Importer(815301076,1909f56bfc062723c751e8b465ee728b)
Start importing Assets/Textures/backgroundImg.jpg using Guid(dd17807a82cadf6438bc5da5d30cbae3) Importer(815301076,1909f56bfc062723c751e8b465ee728b)  -> (artifact id: '4a97b2abfb1a95e9483a06954e0a5638') in 0.172744 seconds 
========================================================================
Received Import Request.
  Time since last request: 0.000038 seconds.
  path: Assets/Textures/backgroundImgGame.jpg
  artifactKey: Guid(d5b7ddf531fc4674ba3ecf8c30899d3a) Importer(815301076,1909f56bfc062723c751e8b465ee728b)
Start importing Assets/Textures/backgroundImgGame.jpg using Guid(d5b7ddf531fc4674ba3ecf8c30899d3a) Importer(815301076,1909f56bfc062723c751e8b465ee728b)  -> (artifact id: 'ae9ded526c602b14458255354fb345ec') in 0.827684 seconds 
========================================================================
Received Import Request.
  Time since last request: 0.000065 seconds.
  path: Assets/Textures/card2.jpg
  artifactKey: Guid(a48fef0dd947d774ab444998532d0f9e) Importer(815301076,1909f56bfc062723c751e8b465ee728b)
Start importing Assets/Textures/card2.jpg using Guid(a48fef0dd947d774ab444998532d0f9e) Importer(815301076,1909f56bfc062723c751e8b465ee728b)  -> (artifact id: '35f5cdd8003e1d652fd9ce32f64b4678') in 0.049683 seconds 
========================================================================
Received Import Request.
  Time since last request: 0.000041 seconds.
  path: Assets/Textures/Time_Mesa de trabajo 1.png
  artifactKey: Guid(1d15d27a27e536840bb91388807e64a9) Importer(815301076,1909f56bfc062723c751e8b465ee728b)
Start importing Assets/Textures/Time_Mesa de trabajo 1.png using Guid(1d15d27a27e536840bb91388807e64a9) Importer(815301076,1909f56bfc062723c751e8b465ee728b)  -> (artifact id: 'd77ea7dbea80a0540ca174f6365baa6b') in 0.049691 seconds 
========================================================================
Received Import Request.
  Time since last request: 0.000037 seconds.
  path: Assets/Textures/cardDown_Mesa de trabajo 1.png
  artifactKey: Guid(04675f74e05e9f0429d5b9cc4b6cda4c) Importer(815301076,1909f56bfc062723c751e8b465ee728b)
Start importing Assets/Textures/cardDown_Mesa de trabajo 1.png using Guid(04675f74e05e9f0429d5b9cc4b6cda4c) Importer(815301076,1909f56bfc062723c751e8b465ee728b)  -> (artifact id: '50016ceb10c7121abc3cd19921a4c24c') in 0.040555 seconds 
========================================================================
Received Import Request.
  Time since last request: 0.000041 seconds.
  path: Assets/Textures/MenuPrinv2_Mesa de trabajo 1.png
  artifactKey: Guid(80e68f35dc333f9428b2acc6dd0b4a45) Importer(815301076,1909f56bfc062723c751e8b465ee728b)
Start importing Assets/Textures/MenuPrinv2_Mesa de trabajo 1.png using Guid(80e68f35dc333f9428b2acc6dd0b4a45) Importer(815301076,1909f56bfc062723c751e8b465ee728b)  -> (artifact id: '9c355214ab542beb3d1f4aecc76b8900') in 0.061745 seconds 
========================================================================
Received Import Request.
  Time since last request: 0.000055 seconds.
  path: Assets/Textures/Boton3_Mesa de trabajo 1.png
  artifactKey: Guid(9f869c5336652dd4a82298d7c455a935) Importer(815301076,1909f56bfc062723c751e8b465ee728b)
Start importing Assets/Textures/Boton3_Mesa de trabajo 1.png using Guid(9f869c5336652dd4a82298d7c455a935) Importer(815301076,1909f56bfc062723c751e8b465ee728b)  -> (artifact id: 'e4a331db91e8def3aa650d050e257b35') in 0.060890 seconds 
========================================================================
Received Import Request.
  Time since last request: 0.000052 seconds.
  path: Assets/Textures/Boton4_Mesa de trabajo 1.png
  artifactKey: Guid(c2bb20d9ffcbd5b4f803c7816e044e99) Importer(815301076,1909f56bfc062723c751e8b465ee728b)
Start importing Assets/Textures/Boton4_Mesa de trabajo 1.png using Guid(c2bb20d9ffcbd5b4f803c7816e044e99) Importer(815301076,1909f56bfc062723c751e8b465ee728b)  -> (artifact id: 'eab429a6d5e32142f03e35a48d1d7839') in 0.037958 seconds 
========================================================================
Received Import Request.
  Time since last request: 0.000038 seconds.
  path: Assets/Textures/MenuPrincipal_Mesa de trabajo 1.png
  artifactKey: Guid(7abf74514770efe4fb6dc7d0bcea5a69) Importer(815301076,1909f56bfc062723c751e8b465ee728b)
Start importing Assets/Textures/MenuPrincipal_Mesa de trabajo 1.png using Guid(7abf74514770efe4fb6dc7d0bcea5a69) Importer(815301076,1909f56bfc062723c751e8b465ee728b)  -> (artifact id: '3544768e5e9b6bbcd0747afd1e68334b') in 0.050794 seconds 
========================================================================
Received Import Request.
  Time since last request: 0.000032 seconds.
  path: Assets/Textures/card1_Mesa de trabajo 1.png
  artifactKey: Guid(54e542f3856caad479d121ee0d48826b) Importer(815301076,1909f56bfc062723c751e8b465ee728b)
Start importing Assets/Textures/card1_Mesa de trabajo 1.png using Guid(54e542f3856caad479d121ee0d48826b) Importer(815301076,1909f56bfc062723c751e8b465ee728b)  -> (artifact id: 'ed00d67e58d0a9dff87d1457440510fc') in 0.033832 seconds 
========================================================================
Received Prepare
Registering precompiled user dll's ...
Registered in 0.008462 seconds.
Begin MonoManager ReloadAssembly
Symbol file LoadedFromMemory doesn't match image C:\Users\User\Downloads\JuegoCompletov7\VersionFinal\Library\PackageCache\com.unity.visualscripting@1.8.0\Editor\VisualScripting.Core\Dependencies\YamlDotNet\Unity.VisualScripting.YamlDotNet.dll
Symbol file LoadedFromMemory doesn't match image C:\Users\User\Downloads\JuegoCompletov7\VersionFinal\Library\PackageCache\com.unity.visualscripting@1.8.0\Editor\VisualScripting.Core\Dependencies\DotNetZip\Unity.VisualScripting.IonicZip.dll
Native extension for WindowsStandalone target not found
Native extension for Android target not found
Native extension for WebGL target not found
Refreshing native plugins compatible for Editor in 1.26 ms, found 3 plugins.
Preloading 0 native plugins for Editor in 0.00 ms.
Mono: successfully reloaded assembly
- Completed reload, in  2.017 seconds
Domain Reload Profiling:
	ReloadAssembly (2019ms)
		BeginReloadAssembly (252ms)
			ExecutionOrderSort (0ms)
			DisableScriptedObjects (14ms)
			BackupInstance (0ms)
			ReleaseScriptingObjects (0ms)
			CreateAndSetChildDomain (53ms)
		EndReloadAssembly (1576ms)
			LoadAssemblies (162ms)
			RebuildTransferFunctionScriptingTraits (0ms)
			SetupTypeCache (572ms)
			ReleaseScriptCaches (2ms)
			RebuildScriptCaches (79ms)
			SetupLoadedEditorAssemblies (673ms)
				LogAssemblyErrors (0ms)
				InitializePlatformSupportModulesInManaged (63ms)
				SetLoadedEditorAssemblies (1ms)
				RefreshPlugins (1ms)
				BeforeProcessingInitializeOnLoad (129ms)
				ProcessInitializeOnLoadAttributes (417ms)
				ProcessInitializeOnLoadMethodAttributes (44ms)
				AfterProcessingInitializeOnLoad (17ms)
				EditorAssembliesLoaded (0ms)
			ExecutionOrderSort2 (0ms)
			AwakeInstancesAfterBackupRestoration (12ms)
Platform modules already initialized, skipping
Refreshing native plugins compatible for Editor in 2.99 ms, found 3 plugins.
Preloading 0 native plugins for Editor in 0.00 ms.
Unloading 3054 Unused Serialized files (Serialized files now loaded: 0)
Unloading 17 unused Assets / (80.2 KB). Loaded Objects now: 3576.
Memory consumption went from 198.1 MB to 198.0 MB.
Total: 5.386300 ms (FindLiveObjects: 0.346600 ms CreateObjectMapping: 0.127800 ms MarkObjects: 4.777900 ms  DeleteObjects: 0.132300 ms)

AssetImportParameters requested are different than current active one (requested -> active):
  custom:video-decoder-ogg-theora: a1e56fd34408186e4bbccfd4996cb3dc -> 
  custom:container-muxer-webm: aa71ff27fc2769a1b78a27578f13a17b -> 
  custom:container-demuxer-webm: 4f35f7cbe854078d1ac9338744f61a02 -> 
  custom:video-encoder-webm-vp8: eb34c28f22e8b96e1ab97ce403110664 -> 
  custom:audio-encoder-webm-vorbis: bf7c407c2cedff20999df2af8eb42d56 -> 
  custom:framework-win-MediaFoundation: 216162199b28c13a410421893ffa2e32 -> 
  custom:container-demuxer-ogg: 62fdf1f143b41e24485cea50d1cbac27 -> 
  custom:video-decoder-webm-vp8: 9c59270c3fd7afecdb556c50c9e8de78 -> 
  custom:audio-decoder-ogg-vorbis: bf7c407c2cedff20999df2af8eb42d56 -> 
========================================================================
Received Prepare
Registering precompiled user dll's ...
Registered in 0.008428 seconds.
Begin MonoManager ReloadAssembly
Symbol file LoadedFromMemory doesn't match image C:\Users\User\Downloads\JuegoCompletov7\VersionFinal\Library\PackageCache\com.unity.visualscripting@1.8.0\Editor\VisualScripting.Core\Dependencies\YamlDotNet\Unity.VisualScripting.YamlDotNet.dll
Symbol file LoadedFromMemory doesn't match image C:\Users\User\Downloads\JuegoCompletov7\VersionFinal\Library\PackageCache\com.unity.visualscripting@1.8.0\Editor\VisualScripting.Core\Dependencies\DotNetZip\Unity.VisualScripting.IonicZip.dll
Native extension for WindowsStandalone target not found
Native extension for Android target not found
Native extension for WebGL target not found
Refreshing native plugins compatible for Editor in 0.83 ms, found 3 plugins.
Preloading 0 native plugins for Editor in 0.00 ms.
Mono: successfully reloaded assembly
- Completed reload, in  1.986 seconds
Domain Reload Profiling:
	ReloadAssembly (1988ms)
		BeginReloadAssembly (247ms)
			ExecutionOrderSort (0ms)
			DisableScriptedObjects (11ms)
			BackupInstance (0ms)
			ReleaseScriptingObjects (0ms)
			CreateAndSetChildDomain (53ms)
		EndReloadAssembly (1535ms)
			LoadAssemblies (172ms)
			RebuildTransferFunctionScriptingTraits (0ms)
			SetupTypeCache (562ms)
			ReleaseScriptCaches (2ms)
			RebuildScriptCaches (82ms)
			SetupLoadedEditorAssemblies (645ms)
				LogAssemblyErrors (0ms)
				InitializePlatformSupportModulesInManaged (52ms)
				SetLoadedEditorAssemblies (1ms)
				RefreshPlugins (1ms)
				BeforeProcessingInitializeOnLoad (127ms)
				ProcessInitializeOnLoadAttributes (404ms)
				ProcessInitializeOnLoadMethodAttributes (42ms)
				AfterProcessingInitializeOnLoad (18ms)
				EditorAssembliesLoaded (0ms)
			ExecutionOrderSort2 (0ms)
			AwakeInstancesAfterBackupRestoration (12ms)
Platform modules already initialized, skipping
Refreshing native plugins compatible for Editor in 3.87 ms, found 3 plugins.
Preloading 0 native plugins for Editor in 0.00 ms.
Unloading 3054 Unused Serialized files (Serialized files now loaded: 0)
Unloading 17 unused Assets / (80.2 KB). Loaded Objects now: 3579.
Memory consumption went from 198.1 MB to 198.0 MB.
Total: 5.327000 ms (FindLiveObjects: 0.469900 ms CreateObjectMapping: 0.228100 ms MarkObjects: 4.459900 ms  DeleteObjects: 0.167300 ms)

AssetImportParameters requested are different than current active one (requested -> active):
  custom:video-decoder-ogg-theora: a1e56fd34408186e4bbccfd4996cb3dc -> 
  custom:container-muxer-webm: aa71ff27fc2769a1b78a27578f13a17b -> 
  custom:container-demuxer-webm: 4f35f7cbe854078d1ac9338744f61a02 -> 
  custom:video-encoder-webm-vp8: eb34c28f22e8b96e1ab97ce403110664 -> 
  custom:audio-encoder-webm-vorbis: bf7c407c2cedff20999df2af8eb42d56 -> 
  custom:framework-win-MediaFoundation: 216162199b28c13a410421893ffa2e32 -> 
  custom:container-demuxer-ogg: 62fdf1f143b41e24485cea50d1cbac27 -> 
  custom:video-decoder-webm-vp8: 9c59270c3fd7afecdb556c50c9e8de78 -> 
  custom:audio-decoder-ogg-vorbis: bf7c407c2cedff20999df2af8eb42d56 -> 
========================================================================
Received Import Request.
  Time since last request: 133.626409 seconds.
  path: Assets/Scripts/gameManager.cs
  artifactKey: Guid(372e15b8bf39bb04490a063262a07d44) Importer(815301076,1909f56bfc062723c751e8b465ee728b)
Start importing Assets/Scripts/gameManager.cs using Guid(372e15b8bf39bb04490a063262a07d44) Importer(815301076,1909f56bfc062723c751e8b465ee728b)  -> (artifact id: '89ab3144a6acdc146396c84285abeda0') in 0.032368 seconds 
========================================================================
Received Import Request.
  Time since last request: 163.740598 seconds.
  path: Assets/Scripts/cardScript.cs
  artifactKey: Guid(66753012d1783f843a864761af0044f4) Importer(815301076,1909f56bfc062723c751e8b465ee728b)
Start importing Assets/Scripts/cardScript.cs using Guid(66753012d1783f843a864761af0044f4) Importer(815301076,1909f56bfc062723c751e8b465ee728b)  -> (artifact id: 'b4b89a98bae62584e36163c67e251c07') in 0.018775 seconds 
========================================================================
Received Import Request.
  Time since last request: 6.917106 seconds.
  path: Assets/Scripts/timeScript.cs
  artifactKey: Guid(22cb3f6b184b65147b24b665393b44dc) Importer(815301076,1909f56bfc062723c751e8b465ee728b)
Start importing Assets/Scripts/timeScript.cs using Guid(22cb3f6b184b65147b24b665393b44dc) Importer(815301076,1909f56bfc062723c751e8b465ee728b)  -> (artifact id: '1897d478eef6cba55477c07fdac6777f') in 0.018125 seconds 
========================================================================
Received Import Request.
  Time since last request: 36.620572 seconds.
  path: Assets/CambiarColor.cs
  artifactKey: Guid(47c1e918027f6c343badaf2ee27d86e0) Importer(815301076,1909f56bfc062723c751e8b465ee728b)
Start importing Assets/CambiarColor.cs using Guid(47c1e918027f6c343badaf2ee27d86e0) Importer(815301076,1909f56bfc062723c751e8b465ee728b)  -> (artifact id: '1792e9c75b02a8a4563aadabe333084b') in 0.020436 seconds 
========================================================================
Received Import Request.
  Time since last request: 9.996139 seconds.
  path: Assets/Casas.cs
  artifactKey: Guid(4423fa456ff13f643aa0be23d5c16080) Importer(815301076,1909f56bfc062723c751e8b465ee728b)
Start importing Assets/Casas.cs using Guid(4423fa456ff13f643aa0be23d5c16080) Importer(815301076,1909f56bfc062723c751e8b465ee728b)  -> (artifact id: 'a79a6f485be79adb8853e28a8af4d2cd') in 0.023548 seconds 
========================================================================
Received Import Request.
  Time since last request: 1.746986 seconds.
  path: Assets/GeneradorPrefab.cs
  artifactKey: Guid(4b380f278c3f3e1438ac5bf8bc1d4230) Importer(815301076,1909f56bfc062723c751e8b465ee728b)
Start importing Assets/GeneradorPrefab.cs using Guid(4b380f278c3f3e1438ac5bf8bc1d4230) Importer(815301076,1909f56bfc062723c751e8b465ee728b)  -> (artifact id: 'de9a64187d281fe0c50d5ce76e98429a') in 0.019550 seconds 
========================================================================
Received Import Request.
  Time since last request: 1.570637 seconds.
  path: Assets/MovimientoTren.cs
  artifactKey: Guid(2ccf80b27f94f39428dc1b5ee0f0cb96) Importer(815301076,1909f56bfc062723c751e8b465ee728b)
Start importing Assets/MovimientoTren.cs using Guid(2ccf80b27f94f39428dc1b5ee0f0cb96) Importer(815301076,1909f56bfc062723c751e8b465ee728b)  -> (artifact id: 'b03f5032af8c9769abd17e72768ebb79') in 0.020467 seconds 
========================================================================
Received Prepare
Registering precompiled user dll's ...
Registered in 0.009411 seconds.
Begin MonoManager ReloadAssembly
Symbol file LoadedFromMemory doesn't match image C:\Users\User\Downloads\JuegoCompletov7\VersionFinal\Library\PackageCache\com.unity.visualscripting@1.8.0\Editor\VisualScripting.Core\Dependencies\YamlDotNet\Unity.VisualScripting.YamlDotNet.dll
Symbol file LoadedFromMemory doesn't match image C:\Users\User\Downloads\JuegoCompletov7\VersionFinal\Library\PackageCache\com.unity.visualscripting@1.8.0\Editor\VisualScripting.Core\Dependencies\DotNetZip\Unity.VisualScripting.IonicZip.dll
Native extension for WindowsStandalone target not found
Native extension for Android target not found
Native extension for WebGL target not found
Refreshing native plugins compatible for Editor in 1.02 ms, found 3 plugins.
Preloading 0 native plugins for Editor in 0.00 ms.
Mono: successfully reloaded assembly
- Completed reload, in  2.292 seconds
Domain Reload Profiling:
	ReloadAssembly (2293ms)
		BeginReloadAssembly (282ms)
			ExecutionOrderSort (0ms)
			DisableScriptedObjects (14ms)
			BackupInstance (0ms)
			ReleaseScriptingObjects (0ms)
			CreateAndSetChildDomain (59ms)
		EndReloadAssembly (1802ms)
			LoadAssemblies (182ms)
			RebuildTransferFunctionScriptingTraits (0ms)
			SetupTypeCache (678ms)
			ReleaseScriptCaches (3ms)
			RebuildScriptCaches (111ms)
			SetupLoadedEditorAssemblies (769ms)
				LogAssemblyErrors (0ms)
				InitializePlatformSupportModulesInManaged (57ms)
				SetLoadedEditorAssemblies (1ms)
				RefreshPlugins (1ms)
				BeforeProcessingInitializeOnLoad (180ms)
				ProcessInitializeOnLoadAttributes (475ms)
				ProcessInitializeOnLoadMethodAttributes (35ms)
				AfterProcessingInitializeOnLoad (21ms)
				EditorAssembliesLoaded (0ms)
			ExecutionOrderSort2 (0ms)
			AwakeInstancesAfterBackupRestoration (14ms)
Platform modules already initialized, skipping
Refreshing native plugins compatible for Editor in 2.85 ms, found 3 plugins.
Preloading 0 native plugins for Editor in 0.00 ms.
Unloading 3054 Unused Serialized files (Serialized files now loaded: 0)
Unloading 17 unused Assets / (80.2 KB). Loaded Objects now: 3582.
Memory consumption went from 198.1 MB to 198.0 MB.
Total: 5.080500 ms (FindLiveObjects: 0.468600 ms CreateObjectMapping: 0.189900 ms MarkObjects: 4.269800 ms  DeleteObjects: 0.150000 ms)

AssetImportParameters requested are different than current active one (requested -> active):
  custom:video-decoder-ogg-theora: a1e56fd34408186e4bbccfd4996cb3dc -> 
  custom:container-muxer-webm: aa71ff27fc2769a1b78a27578f13a17b -> 
  custom:container-demuxer-webm: 4f35f7cbe854078d1ac9338744f61a02 -> 
  custom:video-encoder-webm-vp8: eb34c28f22e8b96e1ab97ce403110664 -> 
  custom:audio-encoder-webm-vorbis: bf7c407c2cedff20999df2af8eb42d56 -> 
  custom:framework-win-MediaFoundation: 216162199b28c13a410421893ffa2e32 -> 
  custom:container-demuxer-ogg: 62fdf1f143b41e24485cea50d1cbac27 -> 
  custom:video-decoder-webm-vp8: 9c59270c3fd7afecdb556c50c9e8de78 -> 
  custom:audio-decoder-ogg-vorbis: bf7c407c2cedff20999df2af8eb42d56 -> 
========================================================================
Received Prepare
Registering precompiled user dll's ...
Registered in 0.011638 seconds.
Begin MonoManager ReloadAssembly
Symbol file LoadedFromMemory doesn't match image C:\Users\User\Downloads\JuegoCompletov7\VersionFinal\Library\PackageCache\com.unity.visualscripting@1.8.0\Editor\VisualScripting.Core\Dependencies\YamlDotNet\Unity.VisualScripting.YamlDotNet.dll
Symbol file LoadedFromMemory doesn't match image C:\Users\User\Downloads\JuegoCompletov7\VersionFinal\Library\PackageCache\com.unity.visualscripting@1.8.0\Editor\VisualScripting.Core\Dependencies\DotNetZip\Unity.VisualScripting.IonicZip.dll
Native extension for WindowsStandalone target not found
Native extension for Android target not found
Native extension for WebGL target not found
Refreshing native plugins compatible for Editor in 0.77 ms, found 3 plugins.
Preloading 0 native plugins for Editor in 0.00 ms.
Mono: successfully reloaded assembly
- Completed reload, in  2.099 seconds
Domain Reload Profiling:
	ReloadAssembly (2101ms)
		BeginReloadAssembly (282ms)
			ExecutionOrderSort (0ms)
			DisableScriptedObjects (11ms)
			BackupInstance (0ms)
			ReleaseScriptingObjects (0ms)
			CreateAndSetChildDomain (56ms)
		EndReloadAssembly (1591ms)
			LoadAssemblies (176ms)
			RebuildTransferFunctionScriptingTraits (0ms)
			SetupTypeCache (535ms)
			ReleaseScriptCaches (2ms)
			RebuildScriptCaches (85ms)
			SetupLoadedEditorAssemblies (739ms)
				LogAssemblyErrors (0ms)
				InitializePlatformSupportModulesInManaged (55ms)
				SetLoadedEditorAssemblies (1ms)
				RefreshPlugins (1ms)
				BeforeProcessingInitializeOnLoad (139ms)
				ProcessInitializeOnLoadAttributes (461ms)
				ProcessInitializeOnLoadMethodAttributes (57ms)
				AfterProcessingInitializeOnLoad (24ms)
				EditorAssembliesLoaded (0ms)
			ExecutionOrderSort2 (0ms)
			AwakeInstancesAfterBackupRestoration (15ms)
Platform modules already initialized, skipping
Refreshing native plugins compatible for Editor in 2.84 ms, found 3 plugins.
Preloading 0 native plugins for Editor in 0.00 ms.
Unloading 3054 Unused Serialized files (Serialized files now loaded: 0)
Unloading 17 unused Assets / (80.2 KB). Loaded Objects now: 3585.
Memory consumption went from 198.1 MB to 198.0 MB.
Total: 4.580700 ms (FindLiveObjects: 0.340500 ms CreateObjectMapping: 0.105300 ms MarkObjects: 3.996000 ms  DeleteObjects: 0.137400 ms)

AssetImportParameters requested are different than current active one (requested -> active):
  custom:video-decoder-ogg-theora: a1e56fd34408186e4bbccfd4996cb3dc -> 
  custom:container-muxer-webm: aa71ff27fc2769a1b78a27578f13a17b -> 
  custom:container-demuxer-webm: 4f35f7cbe854078d1ac9338744f61a02 -> 
  custom:video-encoder-webm-vp8: eb34c28f22e8b96e1ab97ce403110664 -> 
  custom:audio-encoder-webm-vorbis: bf7c407c2cedff20999df2af8eb42d56 -> 
  custom:framework-win-MediaFoundation: 216162199b28c13a410421893ffa2e32 -> 
  custom:container-demuxer-ogg: 62fdf1f143b41e24485cea50d1cbac27 -> 
  custom:video-decoder-webm-vp8: 9c59270c3fd7afecdb556c50c9e8de78 -> 
  custom:audio-decoder-ogg-vorbis: bf7c407c2cedff20999df2af8eb42d56 -> 
========================================================================
Received Prepare
Registering precompiled user dll's ...
Registered in 0.008537 seconds.
Begin MonoManager ReloadAssembly
Symbol file LoadedFromMemory doesn't match image C:\Users\User\Downloads\JuegoCompletov7\VersionFinal\Library\PackageCache\com.unity.visualscripting@1.8.0\Editor\VisualScripting.Core\Dependencies\YamlDotNet\Unity.VisualScripting.YamlDotNet.dll
Symbol file LoadedFromMemory doesn't match image C:\Users\User\Downloads\JuegoCompletov7\VersionFinal\Library\PackageCache\com.unity.visualscripting@1.8.0\Editor\VisualScripting.Core\Dependencies\DotNetZip\Unity.VisualScripting.IonicZip.dll
Native extension for WindowsStandalone target not found
Native extension for Android target not found
Native extension for WebGL target not found
Refreshing native plugins compatible for Editor in 0.84 ms, found 3 plugins.
Preloading 0 native plugins for Editor in 0.00 ms.
Mono: successfully reloaded assembly
- Completed reload, in  1.993 seconds
Domain Reload Profiling:
	ReloadAssembly (1995ms)
		BeginReloadAssembly (279ms)
			ExecutionOrderSort (0ms)
			DisableScriptedObjects (12ms)
			BackupInstance (0ms)
			ReleaseScriptingObjects (0ms)
			CreateAndSetChildDomain (61ms)
		EndReloadAssembly (1501ms)
			LoadAssemblies (183ms)
			RebuildTransferFunctionScriptingTraits (0ms)
			SetupTypeCache (540ms)
			ReleaseScriptCaches (2ms)
			RebuildScriptCaches (78ms)
			SetupLoadedEditorAssemblies (629ms)
				LogAssemblyErrors (0ms)
				InitializePlatformSupportModulesInManaged (54ms)
				SetLoadedEditorAssemblies (1ms)
				RefreshPlugins (1ms)
				BeforeProcessingInitializeOnLoad (121ms)
				ProcessInitializeOnLoadAttributes (396ms)
				ProcessInitializeOnLoadMethodAttributes (40ms)
				AfterProcessingInitializeOnLoad (17ms)
				EditorAssembliesLoaded (0ms)
			ExecutionOrderSort2 (0ms)
			AwakeInstancesAfterBackupRestoration (15ms)
Platform modules already initialized, skipping
Refreshing native plugins compatible for Editor in 4.36 ms, found 3 plugins.
Preloading 0 native plugins for Editor in 0.00 ms.
Unloading 3054 Unused Serialized files (Serialized files now loaded: 0)
Unloading 17 unused Assets / (80.1 KB). Loaded Objects now: 3588.
Memory consumption went from 198.1 MB to 198.0 MB.
Total: 5.026900 ms (FindLiveObjects: 0.425200 ms CreateObjectMapping: 0.133800 ms MarkObjects: 4.305500 ms  DeleteObjects: 0.160600 ms)

AssetImportParameters requested are different than current active one (requested -> active):
  custom:video-decoder-ogg-theora: a1e56fd34408186e4bbccfd4996cb3dc -> 
  custom:container-muxer-webm: aa71ff27fc2769a1b78a27578f13a17b -> 
  custom:container-demuxer-webm: 4f35f7cbe854078d1ac9338744f61a02 -> 
  custom:video-encoder-webm-vp8: eb34c28f22e8b96e1ab97ce403110664 -> 
  custom:audio-encoder-webm-vorbis: bf7c407c2cedff20999df2af8eb42d56 -> 
  custom:framework-win-MediaFoundation: 216162199b28c13a410421893ffa2e32 -> 
  custom:container-demuxer-ogg: 62fdf1f143b41e24485cea50d1cbac27 -> 
  custom:video-decoder-webm-vp8: 9c59270c3fd7afecdb556c50c9e8de78 -> 
  custom:audio-decoder-ogg-vorbis: bf7c407c2cedff20999df2af8eb42d56 -> 
========================================================================
Received Prepare
Registering precompiled user dll's ...
Registered in 0.008288 seconds.
Begin MonoManager ReloadAssembly
Symbol file LoadedFromMemory doesn't match image C:\Users\User\Downloads\JuegoCompletov7\VersionFinal\Library\PackageCache\com.unity.visualscripting@1.8.0\Editor\VisualScripting.Core\Dependencies\YamlDotNet\Unity.VisualScripting.YamlDotNet.dll
Symbol file LoadedFromMemory doesn't match image C:\Users\User\Downloads\JuegoCompletov7\VersionFinal\Library\PackageCache\com.unity.visualscripting@1.8.0\Editor\VisualScripting.Core\Dependencies\DotNetZip\Unity.VisualScripting.IonicZip.dll
Native extension for WindowsStandalone target not found
Native extension for Android target not found
Native extension for WebGL target not found
Refreshing native plugins compatible for Editor in 0.85 ms, found 3 plugins.
Preloading 0 native plugins for Editor in 0.00 ms.
Mono: successfully reloaded assembly
- Completed reload, in  2.043 seconds
Domain Reload Profiling:
	ReloadAssembly (2044ms)
		BeginReloadAssembly (256ms)
			ExecutionOrderSort (0ms)
			DisableScriptedObjects (13ms)
			BackupInstance (0ms)
			ReleaseScriptingObjects (0ms)
			CreateAndSetChildDomain (62ms)
		EndReloadAssembly (1594ms)
			LoadAssemblies (164ms)
			RebuildTransferFunctionScriptingTraits (0ms)
			SetupTypeCache (575ms)
			ReleaseScriptCaches (2ms)
			RebuildScriptCaches (99ms)
			SetupLoadedEditorAssemblies (662ms)
				LogAssemblyErrors (0ms)
				InitializePlatformSupportModulesInManaged (56ms)
				SetLoadedEditorAssemblies (1ms)
				RefreshPlugins (1ms)
				BeforeProcessingInitializeOnLoad (125ms)
				ProcessInitializeOnLoadAttributes (421ms)
				ProcessInitializeOnLoadMethodAttributes (40ms)
				AfterProcessingInitializeOnLoad (18ms)
				EditorAssembliesLoaded (0ms)
			ExecutionOrderSort2 (0ms)
			AwakeInstancesAfterBackupRestoration (14ms)
Platform modules already initialized, skipping
Refreshing native plugins compatible for Editor in 3.28 ms, found 3 plugins.
Preloading 0 native plugins for Editor in 0.00 ms.
Unloading 3054 Unused Serialized files (Serialized files now loaded: 0)
Unloading 17 unused Assets / (80.1 KB). Loaded Objects now: 3591.
Memory consumption went from 198.1 MB to 198.0 MB.
Total: 5.127900 ms (FindLiveObjects: 0.365400 ms CreateObjectMapping: 0.148000 ms MarkObjects: 4.476200 ms  DeleteObjects: 0.136100 ms)

AssetImportParameters requested are different than current active one (requested -> active):
  custom:video-decoder-ogg-theora: a1e56fd34408186e4bbccfd4996cb3dc -> 
  custom:container-muxer-webm: aa71ff27fc2769a1b78a27578f13a17b -> 
  custom:container-demuxer-webm: 4f35f7cbe854078d1ac9338744f61a02 -> 
  custom:video-encoder-webm-vp8: eb34c28f22e8b96e1ab97ce403110664 -> 
  custom:audio-encoder-webm-vorbis: bf7c407c2cedff20999df2af8eb42d56 -> 
  custom:framework-win-MediaFoundation: 216162199b28c13a410421893ffa2e32 -> 
  custom:container-demuxer-ogg: 62fdf1f143b41e24485cea50d1cbac27 -> 
  custom:video-decoder-webm-vp8: 9c59270c3fd7afecdb556c50c9e8de78 -> 
  custom:audio-decoder-ogg-vorbis: bf7c407c2cedff20999df2af8eb42d56 -> 
========================================================================
Received Prepare
Registering precompiled user dll's ...
Registered in 0.012457 seconds.
Begin MonoManager ReloadAssembly
Symbol file LoadedFromMemory doesn't match image C:\Users\User\Downloads\JuegoCompletov7\VersionFinal\Library\PackageCache\com.unity.visualscripting@1.8.0\Editor\VisualScripting.Core\Dependencies\YamlDotNet\Unity.VisualScripting.YamlDotNet.dll
Symbol file LoadedFromMemory doesn't match image C:\Users\User\Downloads\JuegoCompletov7\VersionFinal\Library\PackageCache\com.unity.visualscripting@1.8.0\Editor\VisualScripting.Core\Dependencies\DotNetZip\Unity.VisualScripting.IonicZip.dll
Native extension for WindowsStandalone target not found
Native extension for Android target not found
Native extension for WebGL target not found
Refreshing native plugins compatible for Editor in 0.80 ms, found 3 plugins.
Preloading 0 native plugins for Editor in 0.00 ms.
Mono: successfully reloaded assembly
- Completed reload, in  2.140 seconds
Domain Reload Profiling:
	ReloadAssembly (2141ms)
		BeginReloadAssembly (262ms)
			ExecutionOrderSort (0ms)
			DisableScriptedObjects (11ms)
			BackupInstance (0ms)
			ReleaseScriptingObjects (0ms)
			CreateAndSetChildDomain (50ms)
		EndReloadAssembly (1645ms)
			LoadAssemblies (187ms)
			RebuildTransferFunctionScriptingTraits (0ms)
			SetupTypeCache (592ms)
			ReleaseScriptCaches (2ms)
			RebuildScriptCaches (85ms)
			SetupLoadedEditorAssemblies (695ms)
				LogAssemblyErrors (0ms)
				InitializePlatformSupportModulesInManaged (60ms)
				SetLoadedEditorAssemblies (1ms)
				RefreshPlugins (1ms)
				BeforeProcessingInitializeOnLoad (143ms)
				ProcessInitializeOnLoadAttributes (433ms)
				ProcessInitializeOnLoadMethodAttributes (40ms)
				AfterProcessingInitializeOnLoad (18ms)
				EditorAssembliesLoaded (0ms)
			ExecutionOrderSort2 (0ms)
			AwakeInstancesAfterBackupRestoration (15ms)
Platform modules already initialized, skipping
Refreshing native plugins compatible for Editor in 3.07 ms, found 3 plugins.
Preloading 0 native plugins for Editor in 0.00 ms.
Unloading 3054 Unused Serialized files (Serialized files now loaded: 0)
Unloading 17 unused Assets / (80.2 KB). Loaded Objects now: 3594.
Memory consumption went from 198.1 MB to 198.0 MB.
Total: 5.556300 ms (FindLiveObjects: 0.460400 ms CreateObjectMapping: 0.268200 ms MarkObjects: 4.665500 ms  DeleteObjects: 0.160000 ms)

AssetImportParameters requested are different than current active one (requested -> active):
  custom:video-decoder-ogg-theora: a1e56fd34408186e4bbccfd4996cb3dc -> 
  custom:container-muxer-webm: aa71ff27fc2769a1b78a27578f13a17b -> 
  custom:container-demuxer-webm: 4f35f7cbe854078d1ac9338744f61a02 -> 
  custom:video-encoder-webm-vp8: eb34c28f22e8b96e1ab97ce403110664 -> 
  custom:audio-encoder-webm-vorbis: bf7c407c2cedff20999df2af8eb42d56 -> 
  custom:framework-win-MediaFoundation: 216162199b28c13a410421893ffa2e32 -> 
  custom:container-demuxer-ogg: 62fdf1f143b41e24485cea50d1cbac27 -> 
  custom:video-decoder-webm-vp8: 9c59270c3fd7afecdb556c50c9e8de78 -> 
  custom:audio-decoder-ogg-vorbis: bf7c407c2cedff20999df2af8eb42d56 -> 
========================================================================
Received Prepare
Registering precompiled user dll's ...
Registered in 0.010486 seconds.
Begin MonoManager ReloadAssembly
Symbol file LoadedFromMemory doesn't match image C:\Users\User\Downloads\JuegoCompletov7\VersionFinal\Library\PackageCache\com.unity.visualscripting@1.8.0\Editor\VisualScripting.Core\Dependencies\YamlDotNet\Unity.VisualScripting.YamlDotNet.dll
Symbol file LoadedFromMemory doesn't match image C:\Users\User\Downloads\JuegoCompletov7\VersionFinal\Library\PackageCache\com.unity.visualscripting@1.8.0\Editor\VisualScripting.Core\Dependencies\DotNetZip\Unity.VisualScripting.IonicZip.dll
Native extension for WindowsStandalone target not found
Native extension for Android target not found
Native extension for WebGL target not found
Refreshing native plugins compatible for Editor in 1.01 ms, found 3 plugins.
Preloading 0 native plugins for Editor in 0.00 ms.
Mono: successfully reloaded assembly
- Completed reload, in  2.117 seconds
Domain Reload Profiling:
	ReloadAssembly (2119ms)
		BeginReloadAssembly (301ms)
			ExecutionOrderSort (0ms)
			DisableScriptedObjects (15ms)
			BackupInstance (0ms)
			ReleaseScriptingObjects (0ms)
			CreateAndSetChildDomain (67ms)
		EndReloadAssembly (1628ms)
			LoadAssemblies (185ms)
			RebuildTransferFunctionScriptingTraits (0ms)
			SetupTypeCache (611ms)
			ReleaseScriptCaches (2ms)
			RebuildScriptCaches (86ms)
			SetupLoadedEditorAssemblies (659ms)
				LogAssemblyErrors (0ms)
				InitializePlatformSupportModulesInManaged (59ms)
				SetLoadedEditorAssemblies (1ms)
				RefreshPlugins (1ms)
				BeforeProcessingInitializeOnLoad (128ms)
				ProcessInitializeOnLoadAttributes (410ms)
				ProcessInitializeOnLoadMethodAttributes (42ms)
				AfterProcessingInitializeOnLoad (17ms)
				EditorAssembliesLoaded (0ms)
			ExecutionOrderSort2 (0ms)
			AwakeInstancesAfterBackupRestoration (13ms)
Platform modules already initialized, skipping
Refreshing native plugins compatible for Editor in 2.96 ms, found 3 plugins.
Preloading 0 native plugins for Editor in 0.00 ms.
Unloading 3054 Unused Serialized files (Serialized files now loaded: 0)
Unloading 17 unused Assets / (80.2 KB). Loaded Objects now: 3597.
Memory consumption went from 198.1 MB to 198.0 MB.
Total: 5.218900 ms (FindLiveObjects: 0.353700 ms CreateObjectMapping: 0.125700 ms MarkObjects: 4.580700 ms  DeleteObjects: 0.157100 ms)

AssetImportParameters requested are different than current active one (requested -> active):
  custom:video-decoder-ogg-theora: a1e56fd34408186e4bbccfd4996cb3dc -> 
  custom:container-muxer-webm: aa71ff27fc2769a1b78a27578f13a17b -> 
  custom:container-demuxer-webm: 4f35f7cbe854078d1ac9338744f61a02 -> 
  custom:video-encoder-webm-vp8: eb34c28f22e8b96e1ab97ce403110664 -> 
  custom:audio-encoder-webm-vorbis: bf7c407c2cedff20999df2af8eb42d56 -> 
  custom:framework-win-MediaFoundation: 216162199b28c13a410421893ffa2e32 -> 
  custom:container-demuxer-ogg: 62fdf1f143b41e24485cea50d1cbac27 -> 
  custom:video-decoder-webm-vp8: 9c59270c3fd7afecdb556c50c9e8de78 -> 
  custom:audio-decoder-ogg-vorbis: bf7c407c2cedff20999df2af8eb42d56 -> 
